Wed Jul  9 23:00:04 IST 2025: ✅ Telethon service is healthy
Wed Jul  9 23:00:34 IST 2025: ✅ Telethon service is healthy
Wed Jul  9 23:01:04 IST 2025: ✅ Telethon service is healthy
Wed Jul  9 23:01:34 IST 2025: ✅ Telethon service is healthy
Wed Jul  9 23:02:04 IST 2025: ✅ Telethon service is healthy
Wed Jul  9 23:02:34 IST 2025: ✅ Telethon service is healthy
Wed Jul  9 23:03:04 IST 2025: ✅ Telethon service is healthy
Wed Jul  9 23:03:35 IST 2025: ✅ Telethon service is healthy
Wed Jul  9 23:04:05 IST 2025: ✅ Telethon service is healthy
Wed Jul  9 23:04:35 IST 2025: ✅ Telethon service is healthy
Wed Jul  9 23:05:05 IST 2025: ✅ Telethon service is healthy
Wed Jul  9 23:05:35 IST 2025: ✅ Telethon service is healthy
Wed Jul  9 23:06:05 IST 2025: ✅ Telethon service is healthy
Wed Jul  9 23:06:35 IST 2025: ✅ Telethon service is healthy
Wed Jul  9 23:07:05 IST 2025: ✅ Telethon service is healthy
Wed Jul  9 23:07:35 IST 2025: ✅ Telethon service is healthy
Wed Jul  9 23:08:05 IST 2025: ✅ Telethon service is healthy
Wed Jul  9 23:08:35 IST 2025: ✅ Telethon service is healthy
Wed Jul  9 23:09:05 IST 2025: ✅ Telethon service is healthy
Wed Jul  9 23:09:35 IST 2025: ✅ Telethon service is healthy
Wed Jul  9 23:10:05 IST 2025: ✅ Telethon service is healthy
Wed Jul  9 23:10:35 IST 2025: ✅ Telethon service is healthy
Wed Jul  9 23:11:05 IST 2025: ✅ Telethon service is healthy
Wed Jul  9 23:11:35 IST 2025: ✅ Telethon service is healthy
Wed Jul  9 23:12:05 IST 2025: ✅ Telethon service is healthy
Wed Jul  9 23:12:35 IST 2025: ✅ Telethon service is healthy
Wed Jul  9 23:13:05 IST 2025: ✅ Telethon service is healthy
Wed Jul  9 23:13:35 IST 2025: ✅ Telethon service is healthy
Wed Jul  9 23:14:05 IST 2025: ✅ Telethon service is healthy
Wed Jul  9 23:14:35 IST 2025: ✅ Telethon service is healthy
Wed Jul  9 23:15:05 IST 2025: ✅ Telethon service is healthy
Wed Jul  9 23:15:35 IST 2025: ✅ Telethon service is healthy
Wed Jul  9 23:16:05 IST 2025: ✅ Telethon service is healthy
Wed Jul  9 23:16:35 IST 2025: ✅ Telethon service is healthy
Wed Jul  9 23:17:05 IST 2025: ✅ Telethon service is healthy
Wed Jul  9 23:17:36 IST 2025: ✅ Telethon service is healthy
Wed Jul  9 23:18:06 IST 2025: ✅ Telethon service is healthy
Wed Jul  9 23:18:36 IST 2025: ✅ Telethon service is healthy
Wed Jul  9 23:19:06 IST 2025: ✅ Telethon service is healthy
Wed Jul  9 23:19:36 IST 2025: ✅ Telethon service is healthy
Wed Jul  9 23:20:06 IST 2025: ✅ Telethon service is healthy
Wed Jul  9 23:20:36 IST 2025: ✅ Telethon service is healthy
Wed Jul  9 23:21:06 IST 2025: ✅ Telethon service is healthy
Wed Jul  9 23:21:36 IST 2025: ✅ Telethon service is healthy
Wed Jul  9 23:22:06 IST 2025: ✅ Telethon service is healthy
Wed Jul  9 23:22:36 IST 2025: ✅ Telethon service is healthy
Wed Jul  9 23:23:06 IST 2025: ✅ Telethon service is healthy
Wed Jul  9 23:23:36 IST 2025: ✅ Telethon service is healthy
Wed Jul  9 23:24:06 IST 2025: ✅ Telethon service is healthy
Wed Jul  9 23:24:36 IST 2025: ✅ Telethon service is healthy
Wed Jul  9 23:25:06 IST 2025: ❌ Telethon service not responding, restarting...
Wed Jul  9 23:25:08 IST 2025: 🚀 Starting Telethon service...
Wed Jul  9 23:25:18 IST 2025: ✅ Telethon service restarted successfully (PID: 1238)
Wed Jul  9 23:25:48 IST 2025: ✅ Telethon service is healthy
Wed Jul  9 23:26:18 IST 2025: ✅ Telethon service is healthy
Wed Jul  9 23:26:48 IST 2025: ✅ Telethon service is healthy
Wed Jul  9 23:27:18 IST 2025: ✅ Telethon service is healthy
Wed Jul  9 23:27:48 IST 2025: ✅ Telethon service is healthy
Wed Jul  9 23:28:18 IST 2025: ✅ Telethon service is healthy
Wed Jul  9 23:28:48 IST 2025: ✅ Telethon service is healthy
Wed Jul  9 23:29:18 IST 2025: ✅ Telethon service is healthy
Wed Jul  9 23:29:48 IST 2025: ✅ Telethon service is healthy
Wed Jul  9 23:30:18 IST 2025: ✅ Telethon service is healthy
Wed Jul  9 23:30:48 IST 2025: ✅ Telethon service is healthy
Wed Jul  9 23:31:18 IST 2025: ✅ Telethon service is healthy
Wed Jul  9 23:31:49 IST 2025: ✅ Telethon service is healthy
Wed Jul  9 23:32:19 IST 2025: ❌ Telethon service not responding, restarting...
Wed Jul  9 23:32:21 IST 2025: 🚀 Starting Telethon service...
Wed Jul  9 23:32:31 IST 2025: ⚠️ Telethon service failed to start properly
2025-07-09 23:32:35 - Restart command received
2025-07-09 23:32:37 - Starting Telethon service...
2025-07-09 23:32:37 - Telethon service started with PID 5789
Wed Jul  9 23:33:01 IST 2025: ❌ Telethon service not responding, restarting...
Wed Jul  9 23:33:03 IST 2025: 🚀 Starting Telethon service...
Wed Jul  9 23:33:13 IST 2025: ⚠️ Telethon service failed to start properly
Wed Jul  9 23:33:43 IST 2025: ❌ Telethon service not responding, restarting...
Wed Jul  9 23:33:45 IST 2025: 🚀 Starting Telethon service...
Wed Jul  9 23:33:55 IST 2025: ⚠️ Telethon service failed to start properly
2025-07-09 23:34:14 - Start command received
2025-07-09 23:34:14 - Starting Telethon service...
2025-07-09 23:34:14 - Telethon service started with PID 7887
Wed Jul  9 23:34:25 IST 2025: ❌ Telethon service not responding, restarting...
Wed Jul  9 23:34:27 IST 2025: 🚀 Starting Telethon service...
Wed Jul  9 23:34:37 IST 2025: ⚠️ Telethon service failed to start properly
Wed Jul  9 23:35:07 IST 2025: ❌ Telethon service not responding, restarting...
Wed Jul  9 23:35:09 IST 2025: 🚀 Starting Telethon service...
Wed Jul  9 23:35:19 IST 2025: ⚠️ Telethon service failed to start properly
Wed Jul  9 23:35:49 IST 2025: ❌ Telethon service not responding, restarting...
Wed Jul  9 23:35:51 IST 2025: 🚀 Starting Telethon service...
Wed Jul  9 23:36:01 IST 2025: ⚠️ Telethon service failed to start properly
Wed Jul  9 23:36:31 IST 2025: ❌ Telethon service not responding, restarting...
Wed Jul  9 23:36:33 IST 2025: 🚀 Starting Telethon service...
Wed Jul  9 23:36:43 IST 2025: ⚠️ Telethon service failed to start properly
Wed Jul  9 23:37:13 IST 2025: ❌ Telethon service not responding, restarting...
Wed Jul  9 23:37:15 IST 2025: 🚀 Starting Telethon service...
Wed Jul  9 23:37:25 IST 2025: ⚠️ Telethon service failed to start properly
Wed Jul  9 23:37:55 IST 2025: ❌ Telethon service not responding, restarting...
Wed Jul  9 23:37:57 IST 2025: 🚀 Starting Telethon service...
Wed Jul  9 23:38:07 IST 2025: ⚠️ Telethon service failed to start properly
Wed Jul  9 23:38:37 IST 2025: ❌ Telethon service not responding, restarting...
Wed Jul  9 23:38:39 IST 2025: 🚀 Starting Telethon service...
Wed Jul  9 23:38:50 IST 2025: ⚠️ Telethon service failed to start properly
Wed Jul  9 23:39:20 IST 2025: ❌ Telethon service not responding, restarting...
Wed Jul  9 23:39:22 IST 2025: 🚀 Starting Telethon service...
Wed Jul  9 23:39:32 IST 2025: ⚠️ Telethon service failed to start properly
2025-07-09 23:39:33 - PID file exists but process is not running
2025-07-09 23:39:38 - Restart command received
2025-07-09 23:39:40 - Starting Telethon service...
2025-07-09 23:39:40 - Telethon service started with PID 11147
2025-07-09 23:39:50 - PID file exists but process is not running
Wed Jul  9 23:40:02 IST 2025: ❌ Telethon service not responding, restarting...
Wed Jul  9 23:40:04 IST 2025: 🚀 Starting Telethon service...
Wed Jul  9 23:40:14 IST 2025: ⚠️ Telethon service failed to start properly
Wed Jul  9 23:40:44 IST 2025: ❌ Telethon service not responding, restarting...
Wed Jul  9 23:40:46 IST 2025: 🚀 Starting Telethon service...
Wed Jul  9 23:40:56 IST 2025: ⚠️ Telethon service failed to start properly
Wed Jul  9 23:41:26 IST 2025: ❌ Telethon service not responding, restarting...
Wed Jul  9 23:41:28 IST 2025: 🚀 Starting Telethon service...
Wed Jul  9 23:41:38 IST 2025: ⚠️ Telethon service failed to start properly
2025-07-09 23:41:47 - Restart command received
2025-07-09 23:41:49 - Starting Telethon service...
2025-07-09 23:41:49 - Telethon service started with PID 11924
Wed Jul  9 23:42:08 IST 2025: ✅ Telethon service is healthy
Wed Jul  9 23:42:38 IST 2025: ✅ Telethon service is healthy
Wed Jul  9 23:43:08 IST 2025: ✅ Telethon service is healthy
Wed Jul  9 23:43:38 IST 2025: ✅ Telethon service is healthy
Wed Jul  9 23:44:08 IST 2025: ✅ Telethon service is healthy
Wed Jul  9 23:44:38 IST 2025: ✅ Telethon service is healthy
Wed Jul  9 23:45:08 IST 2025: ✅ Telethon service is healthy
Wed Jul  9 23:45:38 IST 2025: ✅ Telethon service is healthy
Wed Jul  9 23:46:08 IST 2025: ✅ Telethon service is healthy
Wed Jul  9 23:46:38 IST 2025: ✅ Telethon service is healthy
Wed Jul  9 23:47:08 IST 2025: ✅ Telethon service is healthy
Wed Jul  9 23:47:38 IST 2025: ✅ Telethon service is healthy
Wed Jul  9 23:48:08 IST 2025: ✅ Telethon service is healthy
Wed Jul  9 23:48:38 IST 2025: ✅ Telethon service is healthy
Wed Jul  9 23:49:08 IST 2025: ✅ Telethon service is healthy
Wed Jul  9 23:49:38 IST 2025: ✅ Telethon service is healthy
Wed Jul  9 23:50:08 IST 2025: ✅ Telethon service is healthy
Wed Jul  9 23:50:38 IST 2025: ✅ Telethon service is healthy
Wed Jul  9 23:51:09 IST 2025: ✅ Telethon service is healthy
Wed Jul  9 23:51:39 IST 2025: ✅ Telethon service is healthy
Wed Jul  9 23:52:09 IST 2025: ✅ Telethon service is healthy
Wed Jul  9 23:52:39 IST 2025: ✅ Telethon service is healthy
Wed Jul  9 23:53:09 IST 2025: ✅ Telethon service is healthy
Wed Jul  9 23:53:39 IST 2025: ✅ Telethon service is healthy
Wed Jul  9 23:54:09 IST 2025: ✅ Telethon service is healthy
Wed Jul  9 23:54:39 IST 2025: ✅ Telethon service is healthy
Wed Jul  9 23:55:09 IST 2025: ✅ Telethon service is healthy
Wed Jul  9 23:55:39 IST 2025: ✅ Telethon service is healthy
Wed Jul  9 23:56:09 IST 2025: ✅ Telethon service is healthy
Wed Jul  9 23:56:39 IST 2025: ✅ Telethon service is healthy
Wed Jul  9 23:57:09 IST 2025: ✅ Telethon service is healthy
Wed Jul  9 23:57:39 IST 2025: ✅ Telethon service is healthy
Wed Jul  9 23:58:09 IST 2025: ✅ Telethon service is healthy
Wed Jul  9 23:58:39 IST 2025: ✅ Telethon service is healthy
Wed Jul  9 23:59:09 IST 2025: ✅ Telethon service is healthy
Wed Jul  9 23:59:39 IST 2025: ✅ Telethon service is healthy
Thu Jul 10 00:00:09 IST 2025: ✅ Telethon service is healthy
Thu Jul 10 00:00:39 IST 2025: ✅ Telethon service is healthy
Thu Jul 10 00:01:09 IST 2025: ✅ Telethon service is healthy
Thu Jul 10 00:01:39 IST 2025: ✅ Telethon service is healthy
Thu Jul 10 00:02:09 IST 2025: ✅ Telethon service is healthy
Thu Jul 10 00:02:39 IST 2025: ✅ Telethon service is healthy
Thu Jul 10 00:03:09 IST 2025: ✅ Telethon service is healthy
Thu Jul 10 00:03:39 IST 2025: ✅ Telethon service is healthy
Thu Jul 10 00:04:09 IST 2025: ✅ Telethon service is healthy
Thu Jul 10 00:04:39 IST 2025: ✅ Telethon service is healthy
Thu Jul 10 00:05:09 IST 2025: ✅ Telethon service is healthy
Thu Jul 10 00:05:39 IST 2025: ✅ Telethon service is healthy
Thu Jul 10 00:06:10 IST 2025: ✅ Telethon service is healthy
Thu Jul 10 00:06:40 IST 2025: ✅ Telethon service is healthy
Thu Jul 10 00:07:10 IST 2025: ✅ Telethon service is healthy
Thu Jul 10 00:07:40 IST 2025: ✅ Telethon service is healthy
Thu Jul 10 00:08:10 IST 2025: ✅ Telethon service is healthy
Thu Jul 10 00:08:40 IST 2025: ✅ Telethon service is healthy
Thu Jul 10 00:09:10 IST 2025: ✅ Telethon service is healthy
Thu Jul 10 00:09:40 IST 2025: ✅ Telethon service is healthy
Thu Jul 10 00:10:10 IST 2025: ✅ Telethon service is healthy
Thu Jul 10 00:10:40 IST 2025: ✅ Telethon service is healthy
Thu Jul 10 00:11:10 IST 2025: ✅ Telethon service is healthy
Thu Jul 10 00:11:40 IST 2025: ✅ Telethon service is healthy
Thu Jul 10 00:12:10 IST 2025: ✅ Telethon service is healthy
Thu Jul 10 00:12:40 IST 2025: ✅ Telethon service is healthy
Thu Jul 10 00:13:10 IST 2025: ✅ Telethon service is healthy
Thu Jul 10 00:13:40 IST 2025: ✅ Telethon service is healthy
Thu Jul 10 00:14:10 IST 2025: ✅ Telethon service is healthy
Thu Jul 10 00:14:40 IST 2025: ✅ Telethon service is healthy
Thu Jul 10 00:15:10 IST 2025: ✅ Telethon service is healthy
Thu Jul 10 00:15:40 IST 2025: ✅ Telethon service is healthy
Thu Jul 10 00:16:10 IST 2025: ✅ Telethon service is healthy
Thu Jul 10 00:16:40 IST 2025: ✅ Telethon service is healthy
Thu Jul 10 00:17:10 IST 2025: ✅ Telethon service is healthy
Thu Jul 10 00:17:40 IST 2025: ✅ Telethon service is healthy
Thu Jul 10 00:18:10 IST 2025: ✅ Telethon service is healthy
Thu Jul 10 00:18:40 IST 2025: ✅ Telethon service is healthy
Thu Jul 10 00:19:10 IST 2025: ✅ Telethon service is healthy
Thu Jul 10 00:19:40 IST 2025: ✅ Telethon service is healthy
Thu Jul 10 00:20:10 IST 2025: ✅ Telethon service is healthy
Thu Jul 10 00:20:40 IST 2025: ✅ Telethon service is healthy
Thu Jul 10 00:21:11 IST 2025: ✅ Telethon service is healthy
Thu Jul 10 00:21:41 IST 2025: ✅ Telethon service is healthy
Thu Jul 10 00:22:11 IST 2025: ✅ Telethon service is healthy
Thu Jul 10 00:22:41 IST 2025: ✅ Telethon service is healthy
Thu Jul 10 00:23:11 IST 2025: ✅ Telethon service is healthy
Thu Jul 10 00:23:41 IST 2025: ✅ Telethon service is healthy
Thu Jul 10 00:24:11 IST 2025: ✅ Telethon service is healthy
Thu Jul 10 00:24:41 IST 2025: ✅ Telethon service is healthy
Thu Jul 10 00:25:11 IST 2025: ✅ Telethon service is healthy
Thu Jul 10 00:25:41 IST 2025: ✅ Telethon service is healthy
Thu Jul 10 00:26:11 IST 2025: ✅ Telethon service is healthy
Thu Jul 10 00:26:41 IST 2025: ✅ Telethon service is healthy
Thu Jul 10 00:27:11 IST 2025: ✅ Telethon service is healthy
Thu Jul 10 00:27:41 IST 2025: ✅ Telethon service is healthy
Thu Jul 10 00:28:11 IST 2025: ✅ Telethon service is healthy
Thu Jul 10 00:28:41 IST 2025: ✅ Telethon service is healthy
Thu Jul 10 00:29:11 IST 2025: ✅ Telethon service is healthy
Thu Jul 10 00:29:41 IST 2025: ✅ Telethon service is healthy
Thu Jul 10 00:30:11 IST 2025: ✅ Telethon service is healthy
Thu Jul 10 00:30:41 IST 2025: ✅ Telethon service is healthy
Thu Jul 10 00:31:11 IST 2025: ✅ Telethon service is healthy
Thu Jul 10 00:31:41 IST 2025: ✅ Telethon service is healthy
Thu Jul 10 00:32:11 IST 2025: ✅ Telethon service is healthy
Thu Jul 10 00:32:41 IST 2025: ✅ Telethon service is healthy
Thu Jul 10 00:33:11 IST 2025: ✅ Telethon service is healthy
Thu Jul 10 00:33:41 IST 2025: ✅ Telethon service is healthy
Thu Jul 10 00:34:11 IST 2025: ✅ Telethon service is healthy
Thu Jul 10 00:34:41 IST 2025: ✅ Telethon service is healthy
Thu Jul 10 00:35:11 IST 2025: ✅ Telethon service is healthy
Thu Jul 10 00:35:41 IST 2025: ✅ Telethon service is healthy
Thu Jul 10 00:36:11 IST 2025: ✅ Telethon service is healthy
Thu Jul 10 00:36:42 IST 2025: ✅ Telethon service is healthy
Thu Jul 10 00:37:12 IST 2025: ✅ Telethon service is healthy
Thu Jul 10 00:37:42 IST 2025: ✅ Telethon service is healthy
Thu Jul 10 00:38:12 IST 2025: ✅ Telethon service is healthy
Thu Jul 10 00:38:42 IST 2025: ✅ Telethon service is healthy
Thu Jul 10 00:39:12 IST 2025: ✅ Telethon service is healthy
Thu Jul 10 00:39:42 IST 2025: ✅ Telethon service is healthy
Thu Jul 10 00:40:12 IST 2025: ✅ Telethon service is healthy
Thu Jul 10 00:40:42 IST 2025: ✅ Telethon service is healthy
Thu Jul 10 00:41:12 IST 2025: ✅ Telethon service is healthy
Thu Jul 10 00:41:42 IST 2025: ✅ Telethon service is healthy
Thu Jul 10 00:42:12 IST 2025: ✅ Telethon service is healthy
Thu Jul 10 00:42:42 IST 2025: ✅ Telethon service is healthy
Thu Jul 10 00:43:12 IST 2025: ✅ Telethon service is healthy
Thu Jul 10 00:43:42 IST 2025: ✅ Telethon service is healthy
Thu Jul 10 00:44:12 IST 2025: ✅ Telethon service is healthy
Thu Jul 10 00:44:42 IST 2025: ✅ Telethon service is healthy
Thu Jul 10 00:45:12 IST 2025: ✅ Telethon service is healthy
Thu Jul 10 00:45:42 IST 2025: ✅ Telethon service is healthy
Thu Jul 10 00:46:12 IST 2025: ✅ Telethon service is healthy
Thu Jul 10 00:46:42 IST 2025: ✅ Telethon service is healthy
Thu Jul 10 00:47:12 IST 2025: ✅ Telethon service is healthy
Thu Jul 10 00:47:42 IST 2025: ✅ Telethon service is healthy
Thu Jul 10 00:48:12 IST 2025: ✅ Telethon service is healthy
Thu Jul 10 00:48:42 IST 2025: ✅ Telethon service is healthy
Thu Jul 10 00:49:12 IST 2025: ✅ Telethon service is healthy
Thu Jul 10 00:49:42 IST 2025: ✅ Telethon service is healthy
Thu Jul 10 00:50:12 IST 2025: ✅ Telethon service is healthy
Thu Jul 10 00:50:42 IST 2025: ✅ Telethon service is healthy
Thu Jul 10 00:51:13 IST 2025: ✅ Telethon service is healthy
Thu Jul 10 00:51:43 IST 2025: ✅ Telethon service is healthy
Thu Jul 10 00:52:13 IST 2025: ✅ Telethon service is healthy
Thu Jul 10 00:52:43 IST 2025: ✅ Telethon service is healthy
Thu Jul 10 00:53:13 IST 2025: ✅ Telethon service is healthy
Thu Jul 10 00:53:43 IST 2025: ✅ Telethon service is healthy
Thu Jul 10 00:54:13 IST 2025: ✅ Telethon service is healthy
Thu Jul 10 00:54:43 IST 2025: ✅ Telethon service is healthy
Thu Jul 10 00:55:13 IST 2025: ✅ Telethon service is healthy
Thu Jul 10 00:55:43 IST 2025: ✅ Telethon service is healthy
Thu Jul 10 00:56:13 IST 2025: ✅ Telethon service is healthy
Thu Jul 10 00:56:43 IST 2025: ✅ Telethon service is healthy
Thu Jul 10 00:57:13 IST 2025: ✅ Telethon service is healthy
Thu Jul 10 00:57:43 IST 2025: ✅ Telethon service is healthy
Thu Jul 10 00:58:13 IST 2025: ✅ Telethon service is healthy
Thu Jul 10 00:58:43 IST 2025: ✅ Telethon service is healthy
Thu Jul 10 00:59:13 IST 2025: ✅ Telethon service is healthy
Thu Jul 10 00:59:43 IST 2025: ✅ Telethon service is healthy
Thu Jul 10 01:00:13 IST 2025: ✅ Telethon service is healthy
Thu Jul 10 01:00:43 IST 2025: ✅ Telethon service is healthy
Thu Jul 10 01:01:13 IST 2025: ✅ Telethon service is healthy
Thu Jul 10 01:01:43 IST 2025: ✅ Telethon service is healthy
Thu Jul 10 01:02:13 IST 2025: ✅ Telethon service is healthy
Thu Jul 10 01:02:43 IST 2025: ✅ Telethon service is healthy
Thu Jul 10 01:03:13 IST 2025: ✅ Telethon service is healthy
Thu Jul 10 01:03:43 IST 2025: ✅ Telethon service is healthy
Thu Jul 10 01:04:13 IST 2025: ✅ Telethon service is healthy
Thu Jul 10 01:04:43 IST 2025: ✅ Telethon service is healthy
Thu Jul 10 01:05:13 IST 2025: ✅ Telethon service is healthy
Thu Jul 10 01:05:43 IST 2025: ✅ Telethon service is healthy
Thu Jul 10 01:06:14 IST 2025: ✅ Telethon service is healthy
Thu Jul 10 01:06:44 IST 2025: ✅ Telethon service is healthy
Thu Jul 10 01:07:14 IST 2025: ✅ Telethon service is healthy
Thu Jul 10 01:07:44 IST 2025: ✅ Telethon service is healthy
Thu Jul 10 01:08:14 IST 2025: ✅ Telethon service is healthy
Thu Jul 10 01:08:44 IST 2025: ✅ Telethon service is healthy
Thu Jul 10 01:09:14 IST 2025: ✅ Telethon service is healthy
Thu Jul 10 01:09:44 IST 2025: ✅ Telethon service is healthy
Thu Jul 10 01:10:14 IST 2025: ✅ Telethon service is healthy
Thu Jul 10 01:10:44 IST 2025: ✅ Telethon service is healthy
Thu Jul 10 01:11:14 IST 2025: ✅ Telethon service is healthy
Thu Jul 10 01:11:44 IST 2025: ✅ Telethon service is healthy
Thu Jul 10 01:12:14 IST 2025: ✅ Telethon service is healthy
Thu Jul 10 01:12:44 IST 2025: ✅ Telethon service is healthy
Thu Jul 10 01:13:14 IST 2025: ✅ Telethon service is healthy
Thu Jul 10 01:13:44 IST 2025: ✅ Telethon service is healthy
Thu Jul 10 01:14:14 IST 2025: ✅ Telethon service is healthy
Thu Jul 10 01:14:44 IST 2025: ✅ Telethon service is healthy
Thu Jul 10 01:15:14 IST 2025: ✅ Telethon service is healthy
Thu Jul 10 01:15:44 IST 2025: ✅ Telethon service is healthy
Thu Jul 10 01:16:14 IST 2025: ✅ Telethon service is healthy
Thu Jul 10 01:16:44 IST 2025: ✅ Telethon service is healthy
Thu Jul 10 01:17:14 IST 2025: ✅ Telethon service is healthy
Thu Jul 10 01:17:44 IST 2025: ✅ Telethon service is healthy
Thu Jul 10 01:18:14 IST 2025: ✅ Telethon service is healthy
Thu Jul 10 01:18:44 IST 2025: ✅ Telethon service is healthy
Thu Jul 10 01:19:14 IST 2025: ✅ Telethon service is healthy
Thu Jul 10 01:19:44 IST 2025: ✅ Telethon service is healthy
Thu Jul 10 01:20:15 IST 2025: ✅ Telethon service is healthy
Thu Jul 10 01:20:45 IST 2025: ✅ Telethon service is healthy
Thu Jul 10 01:21:15 IST 2025: ✅ Telethon service is healthy
Thu Jul 10 01:21:45 IST 2025: ✅ Telethon service is healthy
Thu Jul 10 01:22:15 IST 2025: ✅ Telethon service is healthy
2025-07-10 01:22:45 - Starting monitor mode...
2025-07-10 01:22:45 - Service is healthy
Thu Jul 10 01:22:45 IST 2025: ✅ Telethon service is healthy
2025-07-10 01:23:15 - Service is healthy
Thu Jul 10 01:23:15 IST 2025: ✅ Telethon service is healthy
2025-07-10 01:23:45 - Service is healthy
Thu Jul 10 01:23:45 IST 2025: ✅ Telethon service is healthy
2025-07-10 01:24:15 - Service is healthy
Thu Jul 10 01:24:15 IST 2025: ✅ Telethon service is healthy
2025-07-10 01:24:45 - Service is healthy
Thu Jul 10 01:24:45 IST 2025: ✅ Telethon service is healthy
2025-07-10 01:25:15 - Service is healthy
Thu Jul 10 01:25:15 IST 2025: ✅ Telethon service is healthy
2025-07-10 01:25:45 - Service is healthy
Thu Jul 10 01:25:45 IST 2025: ✅ Telethon service is healthy
2025-07-10 01:26:15 - Service is healthy
Thu Jul 10 01:26:15 IST 2025: ✅ Telethon service is healthy
2025-07-10 01:26:45 - Service is healthy
Thu Jul 10 01:26:45 IST 2025: ✅ Telethon service is healthy
2025-07-10 01:27:15 - Service is healthy
Thu Jul 10 01:27:15 IST 2025: ✅ Telethon service is healthy
2025-07-10 01:27:45 - Service is healthy
Thu Jul 10 01:27:45 IST 2025: ✅ Telethon service is healthy
2025-07-10 01:28:15 - Service is healthy
Thu Jul 10 01:28:15 IST 2025: ✅ Telethon service is healthy
2025-07-10 01:28:45 - PID file exists but process is not running
2025-07-10 01:28:45 - Service is down, restarting...
Thu Jul 10 01:28:45 IST 2025: ❌ Telethon service not responding, restarting...
Thu Jul 10 01:28:47 IST 2025: 🚀 Starting Telethon service...
2025-07-10 01:28:50 - Starting Telethon service...
2025-07-10 01:28:50 - Telethon service started with PID 27560
Thu Jul 10 01:28:57 IST 2025: ✅ Telethon service restarted successfully (PID: 27539)
Thu Jul 10 01:29:27 IST 2025: ✅ Telethon service is healthy
2025-07-10 01:29:30 - PID file exists but process is not running
2025-07-10 01:29:30 - Service is down, restarting...
2025-07-10 01:29:35 - Starting Telethon service...
2025-07-10 01:29:35 - Telethon service started with PID 29098
Thu Jul 10 01:29:57 IST 2025: ✅ Telethon service is healthy
2025-07-10 01:30:15 - PID file exists but process is not running
2025-07-10 01:30:15 - Service is down, restarting...
2025-07-10 01:30:20 - Starting Telethon service...
2025-07-10 01:30:20 - Telethon service started with PID 30456
Thu Jul 10 01:30:27 IST 2025: ✅ Telethon service is healthy
Thu Jul 10 01:30:57 IST 2025: ✅ Telethon service is healthy
2025-07-10 01:31:00 - PID file exists but process is not running
2025-07-10 01:31:00 - Service is down, restarting...
2025-07-10 01:31:05 - Starting Telethon service...
2025-07-10 01:31:05 - Telethon service started with PID 31155
Thu Jul 10 01:31:27 IST 2025: ✅ Telethon service is healthy
2025-07-10 01:31:45 - PID file exists but process is not running
2025-07-10 01:31:45 - Service is down, restarting...
2025-07-10 01:31:50 - Starting Telethon service...
2025-07-10 01:31:50 - Telethon service started with PID 31388
Thu Jul 10 01:31:57 IST 2025: ✅ Telethon service is healthy
Thu Jul 10 01:32:27 IST 2025: ✅ Telethon service is healthy
2025-07-10 01:32:30 - PID file exists but process is not running
2025-07-10 01:32:30 - Service is down, restarting...
2025-07-10 01:32:35 - Starting Telethon service...
2025-07-10 01:32:35 - Telethon service started with PID 31879
Thu Jul 10 01:32:57 IST 2025: ✅ Telethon service is healthy
2025-07-10 01:33:15 - PID file exists but process is not running
2025-07-10 01:33:15 - Service is down, restarting...
2025-07-10 01:33:21 - Starting Telethon service...
2025-07-10 01:33:21 - Telethon service started with PID 31998
Thu Jul 10 01:33:27 IST 2025: ✅ Telethon service is healthy
